Sencha Cmd 6.2.1.29 - Crash report
================================================
An error occurred while executing the following command: build

Diagnostic information:
=======================
                         app.archivePath : archive                                           
                      app.bootstrap.base : /home/nadin-katrin/public_html/00_projects/sencha 
                       app.bootstrap.css : bootstrap.css                                     
                  app.bootstrap.manifest : bootstrap.json                                    
               app.bootstrap.microloader : bootstrap.js                                      
                        app.cache.deltas : deltas                                            
                           app.classpath : /home/nadin-katrin/public_html/00_projects/sencha/app
                         app.cmd.version : 6.2.1.29                                          
                          app.config.dir : /home/nadin-katrin/public_html/00_projects/sencha/.sencha/app
                   app.cordova.config.id : com.domain.sencha2                                
                 app.cordova.config.name : sencha2                                           
                 app.cordova.config.path : /home/nadin-katrin/public_html/00_projects/sencha/cordova
               app.cordova.config.target :                                                   
              app.cordova.config.verbose : false                                             
                   app.cordova.js.0.path : cordova.js                                        
               app.cordova.js.0.priority : 1000                                              
                 app.cordova.js.0.remote : true                                              
                   app.cordova.js.length : 1                                                 
                 app.cordova.microloader : /home/nadin-katrin/public_html/00_projects/sencha/.sencha/app/Microloader.js
                 app.cordova.output.base : /home/nadin-katrin/public_html/00_projects/sencha/cordova/www
         app.cordova.output.cache.enable : false                                             
        app.cordova.output.deltas.enable : false                                             
     app.development.output.cache.enable : false                                             
    app.development.output.deltas.enable : false                                             
                                 app.dir : /home/nadin-katrin/public_html/00_projects/sencha 
                           app.framework : ext                                               
                   app.framework.version : 5.1.1.451                                         
                                  app.id : a37ea05d-d9f0-49c6-be15-8d81da0604f7              
                       app.indexHtmlPath : index.html                                        
                                app.name : sencha2                                           
                         app.output.base : /home/nadin-katrin/public_html/00_projects/sencha/build/${build.environment}/sencha2
                 app.output.cache.enable : false                                             
                app.output.deltas.enable : false                                             
           app.output.microloader.enable : true                                              
                           app.overrides : /home/nadin-katrin/public_html/00_projects/sencha/overrides
                           app.page.name : index.html                                        
                  app.phonegap.config.id : com.domain.sencha2                                
                app.phonegap.config.name : sencha2                                           
                app.phonegap.config.path : /home/nadin-katrin/public_html/00_projects/sencha/phonegap
              app.phonegap.config.remote : false                                             
             app.phonegap.config.verbose : false                                             
                  app.phonegap.js.0.path : phonegap.js                                       
              app.phonegap.js.0.priority : 1000                                              
                app.phonegap.js.0.remote : true                                              
                  app.phonegap.js.length : 1                                                 
                app.phonegap.microloader : /home/nadin-katrin/public_html/00_projects/sencha/.sencha/app/Microloader.js
                app.phonegap.output.base : /home/nadin-katrin/public_html/00_projects/sencha/phonegap/www
        app.phonegap.output.cache.enable : false                                             
       app.phonegap.output.deltas.enable : false                                             
          app.production.compressor.type : yui                                               
                      app.resource.paths : /home/nadin-katrin/public_html/00_projects/sencha/resources
                        app.sass.etcpath : /home/nadin-katrin/public_html/00_projects/sencha/sass/etc/all.scss
                      app.sass.namespace : sencha2                                           
                        app.sass.srcpath : /home/nadin-katrin/public_html/00_projects/sencha/sass/src
                        app.sass.varpath : /home/nadin-katrin/public_html/00_projects/sencha/sass/var
        app.slicer.js.0.isWidgetManifest : true                                              
                    app.slicer.js.0.path : /home/nadin-katrin/public_html/00_projects/sencha/sass/example/custom.js
                    app.slicer.js.length : 1                                                 
          app.slicer.output.cache.enable : false                                             
         app.slicer.output.deltas.enable : false                                             
         app.testing.output.cache.enable : false                                             
        app.testing.output.deltas.enable : false                                             
                               app.theme : ext-theme-crisp                                   
                    buildenvironment.dir : /home/nadin-katrin/public_html/00_projects/sencha 
               buildenvironment.load.dir : /home/nadin-katrin/public_html/00_projects/sencha 
                          cmd.config.dir : /home/nadin-katrin/bin/Sencha/Cmd/6.2.1.29        
                                 cmd.dir : /home/nadin-katrin/bin/Sencha/Cmd/6.2.1.29        
                    cmd.framework.minver : 5.0.0                                             
                   cmd.framework.version : 5.4.99.9999                                       
                            cmd.jvm.args : -Xms128m -Xmx1024m -Dapple.awt.UIElement=true     
              cmd.merge.tool.args.araxis : -wait -merge -3 -a1 {base} {user} {generated} {out}
              cmd.merge.tool.args.kdiff3 : {base} {user} {generated} -o {out}                
             cmd.merge.tool.args.p4merge : {base} {user} {generated} {out}                   
           cmd.merge.tool.args.smartsync : {user} {generated} {base}                         
          cmd.merge.tool.args.sourcegear : --merge --result={out} {user} {base} {generated}  
            cmd.merge.tool.args.tortoise : -base:{base} -theirs:{generated} -mine:{user} -merged:{out}
                              cmd.minver : 3.0.0.0                                           
                            cmd.platform : linux-x64                                         
                     cmd.unicode.escapes : /home/nadin-katrin/bin/Sencha/Cmd/6.2.1.29/unicode-escapes.json
                             cmd.version : 6.2.1.29                                          
                            cmd.web.port : 1841                                              
                     config.skipDownload : true                                              
                      config.skipInherit : false                                             
                        ext.license.name : commercial                                        
                     framework.classpath : /home/nadin-katrin/public_html/00_projects/sencha/ext/src
                    framework.cmd.minver : 5.1.3.61                                          
                   framework.cmd.version : 5.1.3.61                                          
                 framework.compatVersion : 4.0                                               
                    framework.config.dir : /home/nadin-katrin/bin/Sencha/Cmd/6.2.1.29/plugins/ext/5.1
                       framework.creator : Sencha                                            
           framework.detailedDescription : Sencha Ext JS JavaScript Framework                
                           framework.dir : /home/nadin-katrin/public_html/00_projects/sencha/ext
                        framework.format : 1                                                 
                          framework.isV5 : true                                              
                         framework.local : true                                              
                          framework.name : ext                                               
                        framework.output : ${package.dir}/build                              
                  framework.packages.dir : /home/nadin-katrin/public_html/00_projects/sencha/ext/packages
                       framework.summary : Ext JS                                            
                          framework.type : framework                                         
                       framework.version : 5.1.1.451                                         
                       inspector.address : http://localhost:1839/                            
                          repo.local.dir : /home/nadin-katrin/bin/Sencha/Cmd/repo            
        system.java.net.useSystemProxies : true                                              
                              theme.name : ext-theme-crisp                                   
                     workspace.build.dir : /home/nadin-katrin/public_html/00_projects/sencha/build
                   workspace.cmd.version : 6.2.1.29                                          
                    workspace.config.dir : /home/nadin-katrin/public_html/00_projects/sencha/.sencha/workspace
                           workspace.dir : /home/nadin-katrin/public_html/00_projects/sencha 
           workspace.frameworks.ext.path : /home/nadin-katrin/public_html/00_projects/sencha/ext
        workspace.frameworks.ext.version : 5.1.1.451                                         
                  workspace.packages.dir : /home/nadin-katrin/public_html/00_projects/sencha/packages/local,/home/nadin-katrin/public_html/00_projects/sencha/packages
              workspace.packages.extract : /home/nadin-katrin/public_html/00_projects/sencha/packages/remote
                     workspace.theme.dir : /home/nadin-katrin/public_html/00_projects/sencha/packages/local,/home/nadin-katrin/public_html/00_projects/sencha/packages/${args.themeName}

Exception information:
=======================
java.lang.NullPointerException
     at java.io.File.<init>(File.java:277)
     at com.sencha.util.FileUtil.readFile(FileUtil.java:158)
     at com.sencha.tools.compiler.jsb.projects.JsbBuilder.processBuild(JsbBuilder.java:29)
     at com.sencha.command.build.JsbCommand.execute(JsbCommand.java:15)
     at sun.reflect.NativeMethodAccessorImpl.invoke0(Native Method)
     at sun.reflect.NativeMethodAccessorImpl.invoke(NativeMethodAccessorImpl.java:62)
     at sun.reflect.DelegatingMethodAccessorImpl.invoke(DelegatingMethodAccessorImpl.java:43)
     at java.lang.reflect.Method.invoke(Method.java:498)
     at com.sencha.util.MethodInvoker$Arguments.invoke(MethodInvoker.java:175)
     at com.sencha.cli.Command.dispatch(Command.java:43)
     at com.sencha.cli.Commands.dispatch(Commands.java:64)
     at com.sencha.command.Sencha.dispatch(Sencha.java:79)
     at com.sencha.command.Sencha.main(Sencha.java:147)
     at sun.reflect.NativeMethodAccessorImpl.invoke0(Native Method)
     at sun.reflect.NativeMethodAccessorImpl.invoke(NativeMethodAccessorImpl.java:62)
     at sun.reflect.DelegatingMethodAccessorImpl.invoke(DelegatingMethodAccessorImpl.java:43)
     at java.lang.reflect.Method.invoke(Method.java:498)
     at com.exe4j.runtime.LauncherEngine.launch(LauncherEngine.java:65)
     at com.install4j.runtime.launcher.UnixLauncher.main(UnixLauncher.java:57)

